SF:lib\main.dart
DA:8,0
DA:9,0
DA:13,1
DA:14,1
DA:21,1
DA:22,2
DA:23,1
DA:24,1
DA:25,1
DA:27,2
DA:28,4
DA:29,4
DA:30,4
DA:34,1
DA:36,1
DA:37,1
DA:38,1
DA:40,1
DA:41,3
DA:45,1
DA:46,2
DA:47,2
DA:57,1
DA:59,1
DA:60,1
DA:64,1
DA:66,1
DA:67,1
DA:68,1
DA:69,4
DA:71,1
DA:72,1
DA:73,1
DA:74,1
DA:75,4
DA:76,1
DA:77,4
DA:81,1
DA:82,1
DA:83,1
DA:84,1
DA:85,2
DA:86,1
DA:87,1
DA:88,0
DA:89,0
DA:92,1
DA:93,1
DA:94,1
DA:95,1
DA:96,1
DA:97,1
DA:98,3
DA:99,1
DA:100,2
DA:105,1
DA:106,1
DA:107,1
DA:108,1
DA:109,1
DA:110,1
DA:111,3
DA:112,1
DA:113,4
DA:123,1
DA:124,1
DA:125,2
DA:126,3
DA:127,2
DA:128,1
DA:136,1
DA:138,1
DA:139,1
DA:143,1
DA:145,1
DA:146,1
DA:147,1
DA:148,1
DA:149,3
DA:152,1
DA:153,1
DA:154,1
DA:155,1
DA:156,4
DA:157,2
DA:164,1
DA:165,1
DA:166,2
DA:170,1
DA:171,2
DA:172,3
DA:180,1
DA:182,1
DA:183,1
DA:190,1
DA:192,1
DA:193,1
DA:194,1
DA:195,1
DA:196,0
DA:198,1
DA:199,1
DA:200,1
DA:201,1
DA:202,3
DA:203,2
DA:204,3
DA:205,2
DA:208,1
DA:211,1
DA:212,1
DA:213,1
DA:214,1
DA:215,1
DA:216,1
DA:217,1
DA:218,1
DA:219,1
DA:224,1
DA:226,1
DA:227,1
DA:228,1
DA:243,1
DA:245,1
DA:246,1
DA:256,1
DA:258,2
DA:259,4
DA:260,1
DA:263,1
DA:265,1
DA:266,1
DA:267,1
DA:268,1
DA:269,0
DA:271,1
DA:272,1
DA:273,1
DA:274,1
DA:275,3
DA:277,5
DA:278,3
DA:279,2
DA:282,1
DA:285,1
DA:287,1
DA:288,1
DA:289,1
DA:291,3
DA:293,1
DA:294,1
DA:295,1
DA:296,1
DA:297,1
DA:298,1
DA:299,0
DA:300,0
DA:301,0
DA:306,1
DA:307,1
DA:308,1
DA:309,0
DA:310,0
DA:311,0
DA:314,2
DA:315,2
DA:316,1
DA:317,2
DA:318,1
DA:320,1
DA:321,1
DA:322,1
DA:327,1
DA:329,1
DA:331,1
DA:332,2
DA:333,1
DA:351,1
DA:353,1
DA:355,1
DA:357,1
DA:358,1
DA:359,1
DA:360,1
DA:361,1
DA:362,1
DA:365,1
DA:366,1
DA:372,1
DA:373,1
DA:374,1
DA:375,1
DA:377,3
DA:388,1
DA:390,0
DA:391,0
DA:401,0
DA:404,0
DA:406,0
DA:407,0
DA:408,0
DA:409,0
DA:412,0
DA:413,0
DA:414,0
DA:417,0
DA:418,0
DA:419,0
DA:420,0
DA:424,0
DA:427,0
DA:429,0
DA:430,0
DA:431,0
DA:432,0
DA:436,0
DA:437,0
DA:438,0
DA:439,0
DA:440,0
DA:441,0
DA:442,0
DA:445,0
DA:446,0
DA:448,0
DA:449,0
DA:450,0
DA:451,0
DA:452,0
DA:453,0
DA:454,0
DA:455,0
DA:458,0
DA:461,0
DA:462,0
DA:463,0
DA:464,0
DA:465,0
DA:466,0
DA:468,0
DA:469,0
DA:470,0
DA:472,0
DA:474,0
DA:475,0
DA:476,0
DA:477,0
DA:478,0
DA:479,0
DA:480,0
DA:481,0
DA:485,0
DA:486,0
DA:487,0
DA:488,0
DA:490,0
DA:491,0
DA:492,0
DA:493,0
DA:496,0
DA:501,0
DA:503,0
DA:504,0
DA:505,0
DA:506,0
DA:507,0
DA:514,0
DA:523,0
DA:525,0
DA:527,0
DA:528,0
DA:529,0
DA:530,0
DA:531,0
DA:533,0
DA:535,0
DA:539,0
DA:540,0
DA:542,0
DA:544,0
DA:548,0
DA:549,0
DA:551,0
DA:553,0
DA:557,0
DA:558,0
DA:560,0
DA:562,0
DA:567,0
DA:568,0
DA:569,0
DA:570,0
DA:572,0
DA:575,0
DA:576,0
DA:578,0
DA:581,0
DA:582,0
DA:583,0
DA:586,0
DA:588,0
DA:589,0
DA:594,0
DA:595,0
DA:596,0
DA:599,0
DA:601,0
DA:602,0
LF:308
LH:182
end_of_record
SF:lib\category.dart
DA:4,1
DA:6,1
DA:8,1
LF:3
LH:3
end_of_record
SF:lib\expense.dart
DA:8,1
DA:10,1
DA:11,7
DA:13,1
DA:14,2
LF:5
LH:5
end_of_record
SF:lib\monthlyReport.dart
DA:8,0
DA:9,0
DA:10,0
DA:11,0
DA:15,0
DA:16,0
DA:17,0
DA:18,0
DA:19,0
DA:20,0
DA:24,0
DA:25,0
DA:26,0
DA:27,0
DA:28,0
DA:32,0
DA:33,0
DA:34,0
DA:35,0
DA:50,0
DA:51,0
DA:52,0
DA:53,0
DA:54,0
DA:55,0
DA:56,0
DA:57,0
DA:58,0
DA:63,0
DA:66,0
DA:67,0
DA:68,0
DA:70,0
DA:72,0
DA:73,0
DA:77,0
DA:79,0
LF:37
LH:0
end_of_record
